<?xml version="1.0" encoding="UTF-8"?>
<testsuite name="CVisitorTest" tests="3" skipped="0" failures="0" errors="0" timestamp="2022-05-05T12:28:36" hostname="pop-os" time="0.067">
  <properties/>
  <testcase name="outputBoolean()" classname="CVisitorTest" time="0.047"/>
  <testcase name="outputNumber()" classname="CVisitorTest" time="0.012"/>
  <testcase name="outputString()" classname="CVisitorTest" time="0.003"/>
  <system-out><![CDATA[]]></system-out>
  <system-err><![CDATA[]]></system-err>
</testsuite>
